2024-01-24 12:11:28,945 [1] INFO StepperWF.Program - StepperDiag  is starting...
2024-01-25 13:29:25,988 [1] INFO StepperWF.Program - StepperDiag  is starting...
2024-01-25 13:33:10,545 [1] INFO StepperWF.Program - StepperDiag  is starting...
2024-01-25 13:35:44,041 [1] INFO StepperWF.Program - StepperDiag  is starting...
2024-01-25 13:41:17,466 [1] INFO StepperWF.Program - StepperDiag  is starting...
2024-01-25 13:42:53,044 [1] INFO StepperWF.Program - StepperDiag  is starting...
2024-01-25 13:45:53,823 [1] INFO StepperWF.Program - StepperDiag  is starting...
2024-01-25 13:48:10,518 [1] INFO StepperWF.Program - StepperDiag  is starting...
2024-01-25 13:50:26,842 [1] INFO StepperWF.Program - StepperDiag  is starting...
2024-01-25 13:56:41,801 [1] INFO StepperWF.Program - StepperDiag  is starting...
2024-01-25 14:00:18,872 [1] INFO StepperWF.Program - StepperDiag  is starting...
2024-01-25 14:04:05,914 [1] INFO StepperWF.Program - StepperDiag  is starting...
2024-01-26 10:37:19,968 [1] INFO StepperWF.Program - StepperDiag  is starting...
2024-01-26 10:47:25,929 [1] INFO StepperWF.Program - StepperDiag  is starting...
2024-01-26 10:50:16,628 [1] INFO StepperWF.Program - StepperDiag  is starting...
2024-01-26 10:54:21,425 [1] INFO StepperWF.Program - StepperDiag  is starting...
2024-01-26 10:56:42,603 [1] INFO StepperWF.Program - StepperDiag  is starting...
2024-01-26 11:12:23,209 [1] INFO StepperWF.Program - StepperDiag  is starting...
2024-01-26 11:23:16,182 [1] INFO StepperWF.Program - StepperDiag  is starting...
2024-01-26 11:28:23,345 [1] INFO StepperWF.Program - StepperDiag  is starting...
2024-01-26 12:08:25,774 [1] INFO StepperWF.Program - StepperDiag  is starting...
2024-01-26 12:14:58,973 [1] INFO StepperWF.Program - StepperDiag  is starting...
2024-01-26 12:25:20,023 [1] INFO StepperWF.Program - StepperDiag  is starting...
2024-01-26 14:16:24,864 [1] INFO StepperWF.Program - StepperDiag  is starting...
2024-01-26 14:20:18,209 [1] INFO StepperWF.Program - StepperDiag  is starting...
2024-01-26 14:22:20,889 [1] INFO StepperWF.Program - StepperDiag  is starting...
2024-01-26 14:31:35,894 [1] INFO StepperWF.Program - StepperDiag  is starting...
2024-01-26 14:35:54,997 [1] INFO StepperWF.Program - StepperDiag  is starting...
2024-01-26 14:38:31,352 [1] INFO StepperWF.Program - StepperDiag  is starting...
2024-01-26 14:40:33,499 [1] INFO StepperWF.Program - StepperDiag  is starting...
2024-01-26 14:56:44,089 [1] INFO StepperWF.Program - StepperDiag  is starting...
2024-01-26 14:57:21,755 [1] INFO StepperWF.Program - StepperDiag  is starting...
2024-01-26 15:01:02,168 [1] INFO StepperWF.Program - StepperDiag  is starting...
2024-01-26 15:05:43,190 [1] INFO StepperWF.Program - StepperDiag  is starting...
2024-01-26 15:09:10,699 [1] INFO StepperWF.Program - StepperDiag  is starting...
2024-01-26 15:10:30,309 [1] INFO StepperWF.Program - StepperDiag  is starting...
2024-01-26 15:10:40,678 [1] ERROR StepperWF.MacroRunner - Position= 20000 Force = 10.24
2024-01-26 15:18:05,310 [1] INFO StepperWF.Program - StepperDiag  is starting...
2024-01-26 15:18:17,530 [1] ERROR StepperWF.MacroRunner - Position= 20000 Force = 10.54
2024-01-26 15:18:19,043 [1] ERROR StepperWF.MacroRunner - Position= 40000 Force = 10.76
2024-01-26 15:18:20,567 [1] ERROR StepperWF.MacroRunner - Position= 60000 Force = 10.61
2024-01-26 15:18:22,092 [1] ERROR StepperWF.MacroRunner - Position= 80000 Force = 10.89
2024-01-26 15:18:23,611 [1] ERROR StepperWF.MacroRunner - Position= 100000 Force = 10.7
2024-01-26 15:18:25,129 [1] ERROR StepperWF.MacroRunner - Position= 120000 Force = 11.47
2024-01-26 15:18:26,654 [1] ERROR StepperWF.MacroRunner - Position= 140000 Force = 11.79
2024-01-26 15:18:28,174 [1] ERROR StepperWF.MacroRunner - Position= 160000 Force = 102.41
2024-01-26 15:18:29,691 [1] ERROR StepperWF.MacroRunner - Position= 180000 Force = 102.88
2024-01-26 15:18:31,202 [1] ERROR StepperWF.MacroRunner - Position= 200000 Force = 103.7
2024-01-26 15:22:50,193 [1] INFO StepperWF.Program - StepperDiag  is starting...
2024-01-26 15:23:36,383 [1] ERROR StepperWF.MacroRunner - 
2024-01-26 15:23:37,912 [1] ERROR StepperWF.MacroRunner - Position= 20000 Force = 8.7
2024-01-26 15:23:39,427 [1] ERROR StepperWF.MacroRunner - Position= 40000 Force = 8.83
2024-01-26 15:23:40,942 [1] ERROR StepperWF.MacroRunner - Position= 60000 Force = 8.98
2024-01-26 15:23:42,457 [1] ERROR StepperWF.MacroRunner - Position= 80000 Force = 9.46
2024-01-26 15:23:43,988 [1] ERROR StepperWF.MacroRunner - Position= 100000 Force = 9.18
2024-01-26 15:23:45,492 [1] ERROR StepperWF.MacroRunner - Position= 120000 Force = 10.22
2024-01-26 15:23:47,012 [1] ERROR StepperWF.MacroRunner - Position= 140000 Force = 9.93
2024-01-26 15:23:48,537 [1] ERROR StepperWF.MacroRunner - Position= 160000 Force = 102.83
2024-01-26 15:23:50,052 [1] ERROR StepperWF.MacroRunner - Position= 180000 Force = 103.6
2024-01-26 15:23:51,563 [1] ERROR StepperWF.MacroRunner - Position= 200000 Force = 102.52
2024-01-26 15:29:45,137 [1] INFO StepperWF.Program - StepperDiag  is starting...
2024-01-26 15:30:07,309 [1] ERROR StepperWF.MacroRunner - 
2024-01-26 15:30:08,836 [1] ERROR StepperWF.MacroRunner - Position= 20000 Force = 7.55
2024-01-26 15:30:10,349 [1] ERROR StepperWF.MacroRunner - Position= 40000 Force = 9.24
2024-01-26 15:30:11,877 [1] ERROR StepperWF.MacroRunner - Position= 60000 Force = 8.4
2024-01-26 15:30:13,386 [1] ERROR StepperWF.MacroRunner - Position= 80000 Force = 8.84
2024-01-26 15:30:14,902 [1] ERROR StepperWF.MacroRunner - Position= 100000 Force = 10.02
2024-01-26 15:30:16,431 [1] ERROR StepperWF.MacroRunner - Position= 120000 Force = 10.17
2024-01-26 15:30:17,958 [1] ERROR StepperWF.MacroRunner - Position= 140000 Force = 10.39
2024-01-26 15:30:19,480 [1] ERROR StepperWF.MacroRunner - Position= 160000 Force = 102.96
2024-01-26 15:30:20,990 [1] ERROR StepperWF.MacroRunner - Position= 180000 Force = 103.68
2024-01-26 15:30:22,518 [1] ERROR StepperWF.MacroRunner - Position= 200000 Force = 104.02
2024-01-26 15:33:42,414 [1] INFO StepperWF.Program - StepperDiag  is starting...
2024-01-26 15:34:01,851 [1] ERROR StepperWF.MacroRunner - 
2024-01-26 15:34:03,373 [1] ERROR StepperWF.MacroRunner - Position= 20000 Force = 7.08
2024-01-26 15:34:04,894 [1] ERROR StepperWF.MacroRunner - Position= 40000 Force = 8.01
2024-01-26 15:34:06,417 [1] ERROR StepperWF.MacroRunner - Position= 60000 Force = 8.41
2024-01-26 15:34:07,931 [1] ERROR StepperWF.MacroRunner - Position= 80000 Force = 7.53
2024-01-26 15:34:09,462 [1] ERROR StepperWF.MacroRunner - Position= 100000 Force = 9.03
2024-01-26 15:34:10,975 [1] ERROR StepperWF.MacroRunner - Position= 120000 Force = 8.95
2024-01-26 15:34:12,487 [1] ERROR StepperWF.MacroRunner - Position= 140000 Force = 9.37
2024-01-26 15:34:14,010 [1] ERROR StepperWF.MacroRunner - Position= 160000 Force = 103.54
2024-01-26 15:34:15,541 [1] ERROR StepperWF.MacroRunner - Position= 180000 Force = 104.1
2024-01-26 15:34:17,060 [1] ERROR StepperWF.MacroRunner - Position= 200000 Force = 104.82
2024-01-26 15:35:05,965 [1] INFO StepperWF.Program - StepperDiag  is starting...
2024-01-26 15:36:36,572 [1] INFO StepperWF.Program - StepperDiag  is starting...
2024-01-26 15:36:48,709 [1] ERROR StepperWF.MacroRunner - 
2024-01-26 15:36:50,232 [1] ERROR StepperWF.MacroRunner - Position= 20000 Force = 9.64
2024-01-26 15:36:51,754 [1] ERROR StepperWF.MacroRunner - Position= 40000 Force = 13.78
2024-01-26 15:36:53,274 [1] ERROR StepperWF.MacroRunner - Position= 60000 Force = 15.84
2024-01-26 15:36:54,797 [1] ERROR StepperWF.MacroRunner - Position= 80000 Force = 18.15
2024-01-26 15:36:56,316 [1] ERROR StepperWF.MacroRunner - Position= 100000 Force = 21.67
2024-01-26 15:36:57,836 [1] ERROR StepperWF.MacroRunner - Position= 120000 Force = 28.2
2024-01-26 15:36:59,355 [1] ERROR StepperWF.MacroRunner - Position= 140000 Force = 105.77
2024-01-26 15:37:00,870 [1] ERROR StepperWF.MacroRunner - Position= 160000 Force = 105.59
2024-01-26 15:37:02,384 [1] ERROR StepperWF.MacroRunner - Position= 180000 Force = 104.91
2024-01-26 15:37:03,899 [1] ERROR StepperWF.MacroRunner - Position= 200000 Force = 105.1
2024-01-27 10:45:20,061 [1] INFO StepperWF.Program - StepperDiag  is starting...
2024-01-27 11:04:46,615 [1] INFO StepperWF.Program - StepperDiag  is starting...
2024-01-27 11:05:10,261 [1] ERROR StepperWF.MacroRunner - Starting stamp test
2024-01-27 11:05:32,503 [1] ERROR StepperWF.MacroRunner - Position= 20000 Force = 7.65
2024-01-27 11:05:34,021 [1] ERROR StepperWF.MacroRunner - Position= 40000 Force = 9.44
2024-01-27 11:05:35,537 [1] ERROR StepperWF.MacroRunner - Position= 60000 Force = 14.26
2024-01-27 11:05:37,055 [1] ERROR StepperWF.MacroRunner - Position= 80000 Force = 17.64
2024-01-27 11:05:38,582 [1] ERROR StepperWF.MacroRunner - Position= 100000 Force = 18.83
2024-01-27 11:05:40,102 [1] ERROR StepperWF.MacroRunner - Position= 120000 Force = 21.02
2024-01-27 11:05:41,615 [1] ERROR StepperWF.MacroRunner - Position= 140000 Force = 103.48
2024-01-27 11:05:43,141 [1] ERROR StepperWF.MacroRunner - Position= 160000 Force = 103.93
2024-01-27 11:05:44,675 [1] ERROR StepperWF.MacroRunner - Position= 180000 Force = 104.26
2024-01-27 11:05:46,199 [1] ERROR StepperWF.MacroRunner - Position= 200000 Force = 103.57
2024-01-27 14:03:22,063 [1] INFO StepperWF.Program - StepperDiag  is starting...
2024-01-28 10:22:30,208 [1] INFO StepperWF.Program - StepperDiag  is starting...
2024-01-28 10:22:48,699 [1] ERROR StepperWF.MacroRunner - Starting stamp test
2024-01-28 10:22:50,229 [1] ERROR StepperWF.MacroRunner - Position= 20000 Force = 1.83
2024-01-28 10:22:51,754 [1] ERROR StepperWF.MacroRunner - Position= 40000 Force = 2.97
2024-01-28 10:22:53,273 [1] ERROR StepperWF.MacroRunner - Position= 60000 Force = 10.5
2024-01-28 10:22:54,803 [1] ERROR StepperWF.MacroRunner - Position= 80000 Force = 13.81
2024-01-28 10:22:56,308 [1] ERROR StepperWF.MacroRunner - Position= 100000 Force = 17.76
2024-01-28 10:22:56,756 [1] ERROR StepperWF.MacroRunner - Position= 102000 Force = 18.21
2024-01-28 10:22:57,185 [1] ERROR StepperWF.MacroRunner - Position= 104000 Force = 18.8
2024-01-28 10:22:57,619 [1] ERROR StepperWF.MacroRunner - Position= 106000 Force = 18.85
2024-01-28 10:22:58,052 [1] ERROR StepperWF.MacroRunner - Position= 108000 Force = 19.17
2024-01-28 10:22:58,485 [1] ERROR StepperWF.MacroRunner - Position= 110000 Force = 19.29
2024-01-28 10:22:58,908 [1] ERROR StepperWF.MacroRunner - Position= 112000 Force = 19.49
2024-01-28 10:22:59,337 [1] ERROR StepperWF.MacroRunner - Position= 114000 Force = 20.15
2024-01-28 10:22:59,770 [1] ERROR StepperWF.MacroRunner - Position= 116000 Force = 20.62
2024-01-28 10:23:00,198 [1] ERROR StepperWF.MacroRunner - Position= 118000 Force = 21.12
2024-01-28 10:23:00,631 [1] ERROR StepperWF.MacroRunner - Position= 120000 Force = 21.47
2024-01-28 10:23:02,159 [1] ERROR StepperWF.MacroRunner - Position= 140000 Force = 105.61
2024-01-28 10:23:03,676 [1] ERROR StepperWF.MacroRunner - Position= 160000 Force = 108.25
2024-01-28 10:23:05,193 [1] ERROR StepperWF.MacroRunner - Position= 180000 Force = 107.45
2024-01-28 10:23:06,724 [1] ERROR StepperWF.MacroRunner - Position= 200000 Force = 106.61
2024-01-28 10:26:48,334 [1] INFO StepperWF.Program - StepperDiag  is starting...
2024-01-28 10:27:07,585 [1] ERROR StepperWF.MacroRunner - Starting stamp test
2024-01-28 10:27:09,099 [1] ERROR StepperWF.MacroRunner - Position= 20000 Force = 0.67
2024-01-28 10:27:10,631 [1] ERROR StepperWF.MacroRunner - Position= 40000 Force = 2.38
2024-01-28 10:27:12,148 [1] ERROR StepperWF.MacroRunner - Position= 60000 Force = 10.66
2024-01-28 10:27:13,665 [1] ERROR StepperWF.MacroRunner - Position= 80000 Force = 14.23
2024-01-28 10:27:15,185 [1] ERROR StepperWF.MacroRunner - Position= 100000 Force = 17.92
2024-01-28 10:27:15,606 [1] ERROR StepperWF.MacroRunner - Position= 102000 Force = 18.19
2024-01-28 10:27:16,034 [1] ERROR StepperWF.MacroRunner - Position= 104000 Force = 18.93
2024-01-28 10:27:16,480 [1] ERROR StepperWF.MacroRunner - Position= 106000 Force = 18.58
2024-01-28 10:27:16,912 [1] ERROR StepperWF.MacroRunner - Position= 108000 Force = 18.89
2024-01-28 10:27:17,345 [1] ERROR StepperWF.MacroRunner - Position= 110000 Force = 18.9
2024-01-28 10:27:17,779 [1] ERROR StepperWF.MacroRunner - Position= 112000 Force = 19.48
2024-01-28 10:27:18,214 [1] ERROR StepperWF.MacroRunner - Position= 114000 Force = 19.45
2024-01-28 10:27:18,658 [1] ERROR StepperWF.MacroRunner - Position= 116000 Force = 19.67
2024-01-28 10:27:19,097 [1] ERROR StepperWF.MacroRunner - Position= 118000 Force = 20.15
2024-01-28 10:27:19,514 [1] ERROR StepperWF.MacroRunner - Position= 120000 Force = 20.6
2024-01-28 10:27:19,957 [1] ERROR StepperWF.MacroRunner - Position= 122000 Force = 21.34
2024-01-28 10:27:20,389 [1] ERROR StepperWF.MacroRunner - Position= 124000 Force = 21.74
2024-01-28 10:27:20,815 [1] ERROR StepperWF.MacroRunner - Position= 126000 Force = 22.51
2024-01-28 10:27:21,245 [1] ERROR StepperWF.MacroRunner - Position= 128000 Force = 22.91
2024-01-28 10:27:21,680 [1] ERROR StepperWF.MacroRunner - Position= 130000 Force = 23.16
2024-01-28 10:27:22,669 [1] ERROR StepperWF.MacroRunner - Position= 140000 Force = 105.72
2024-01-28 10:27:24,200 [1] ERROR StepperWF.MacroRunner - Position= 160000 Force = 107.59
2024-01-28 10:27:25,722 [1] ERROR StepperWF.MacroRunner - Position= 180000 Force = 106.69
2024-01-28 10:27:27,241 [1] ERROR StepperWF.MacroRunner - Position= 200000 Force = 107.11
2024-01-28 10:34:25,477 [1] INFO StepperWF.Program - StepperDiag  is starting...
2024-01-28 10:34:42,683 [1] ERROR StepperWF.MacroRunner - Starting stamp test
2024-01-28 10:34:44,211 [1] ERROR StepperWF.MacroRunner - Position= 20000 Force = 2.14
2024-01-28 10:34:45,725 [1] ERROR StepperWF.MacroRunner - Position= 40000 Force = 4.04
2024-01-28 10:34:47,243 [1] ERROR StepperWF.MacroRunner - Position= 60000 Force = 11.08
2024-01-28 10:34:48,755 [1] ERROR StepperWF.MacroRunner - Position= 80000 Force = 14.43
2024-01-28 10:34:50,284 [1] ERROR StepperWF.MacroRunner - Position= 100000 Force = 18.14
2024-01-28 10:34:50,701 [1] ERROR StepperWF.MacroRunner - Position= 102000 Force = 19.31
2024-01-28 10:34:51,128 [1] ERROR StepperWF.MacroRunner - Position= 104000 Force = 19.2
2024-01-28 10:34:51,571 [1] ERROR StepperWF.MacroRunner - Position= 106000 Force = 19.1
2024-01-28 10:34:51,989 [1] ERROR StepperWF.MacroRunner - Position= 108000 Force = 19.23
2024-01-28 10:34:52,416 [1] ERROR StepperWF.MacroRunner - Position= 110000 Force = 19.31
2024-01-28 10:34:52,856 [1] ERROR StepperWF.MacroRunner - Position= 112000 Force = 19.53
2024-01-28 10:34:53,288 [1] ERROR StepperWF.MacroRunner - Position= 114000 Force = 19.81
2024-01-28 10:34:53,713 [1] ERROR StepperWF.MacroRunner - Position= 116000 Force = 20.39
2024-01-28 10:34:54,139 [1] ERROR StepperWF.MacroRunner - Position= 118000 Force = 20.81
2024-01-28 10:34:54,574 [1] ERROR StepperWF.MacroRunner - Position= 120000 Force = 21.37
2024-01-28 10:34:55,020 [1] ERROR StepperWF.MacroRunner - Position= 122000 Force = 21.24
2024-01-28 10:34:55,445 [1] ERROR StepperWF.MacroRunner - Position= 124000 Force = 22.45
2024-01-28 10:34:55,876 [1] ERROR StepperWF.MacroRunner - Position= 126000 Force = 22.36
2024-01-28 10:34:56,304 [1] ERROR StepperWF.MacroRunner - Position= 128000 Force = 22.79
2024-01-28 10:34:56,725 [1] ERROR StepperWF.MacroRunner - Position= 130000 Force = 23.23
2024-01-28 10:34:57,165 [1] ERROR StepperWF.MacroRunner - Position= 132000 Force = 23.84
2024-01-28 10:34:57,593 [1] ERROR StepperWF.MacroRunner - Position= 140000 Force = 24.21
2024-01-28 10:34:58,018 [1] ERROR StepperWF.MacroRunner - Position= 134000 Force = 42.13
2024-01-28 10:34:58,452 [1] ERROR StepperWF.MacroRunner - Position= 136000 Force = 83.37
2024-01-28 10:34:58,885 [1] ERROR StepperWF.MacroRunner - Position= 138000 Force = 105.8
2024-01-28 10:34:59,316 [1] ERROR StepperWF.MacroRunner - Position= 140000 Force = 108.71
2024-01-28 10:35:00,832 [1] ERROR StepperWF.MacroRunner - Position= 160000 Force = 108.12
2024-01-28 10:35:02,345 [1] ERROR StepperWF.MacroRunner - Position= 180000 Force = 107.35
2024-01-28 10:35:03,854 [1] ERROR StepperWF.MacroRunner - Position= 200000 Force = 106.63
2024-01-28 10:39:20,034 [1] INFO StepperWF.Program - StepperDiag  is starting...
2024-01-28 10:39:37,106 [1] ERROR StepperWF.MacroRunner - Starting stamp test
2024-01-28 10:39:38,629 [1] ERROR StepperWF.MacroRunner - Position= 20000 Force = 2.64
2024-01-28 10:39:40,145 [1] ERROR StepperWF.MacroRunner - Position= 40000 Force = 4.14
2024-01-28 10:39:41,662 [1] ERROR StepperWF.MacroRunner - Position= 60000 Force = 11.41
2024-01-28 10:39:43,179 [1] ERROR StepperWF.MacroRunner - Position= 80000 Force = 14.64
2024-01-28 10:39:44,697 [1] ERROR StepperWF.MacroRunner - Position= 100000 Force = 17.99
2024-01-28 10:39:45,124 [1] ERROR StepperWF.MacroRunner - Position= 102000 Force = 18.39
2024-01-28 10:39:45,558 [1] ERROR StepperWF.MacroRunner - Position= 104000 Force = 18.49
2024-01-28 10:39:45,993 [1] ERROR StepperWF.MacroRunner - Position= 106000 Force = 18.86
2024-01-28 10:39:46,420 [1] ERROR StepperWF.MacroRunner - Position= 108000 Force = 19.09
2024-01-28 10:39:46,867 [1] ERROR StepperWF.MacroRunner - Position= 110000 Force = 19.07
2024-01-28 10:39:47,299 [1] ERROR StepperWF.MacroRunner - Position= 112000 Force = 19.49
2024-01-28 10:39:47,736 [1] ERROR StepperWF.MacroRunner - Position= 114000 Force = 19.99
2024-01-28 10:39:48,170 [1] ERROR StepperWF.MacroRunner - Position= 116000 Force = 20.12
2024-01-28 10:39:48,598 [1] ERROR StepperWF.MacroRunner - Position= 118000 Force = 20.42
2024-01-28 10:39:49,038 [1] ERROR StepperWF.MacroRunner - Position= 120000 Force = 20.68
2024-01-28 10:39:49,467 [1] ERROR StepperWF.MacroRunner - Position= 122000 Force = 21.29
2024-01-28 10:39:49,900 [1] ERROR StepperWF.MacroRunner - Position= 124000 Force = 22.02
2024-01-28 10:39:50,334 [1] ERROR StepperWF.MacroRunner - Position= 126000 Force = 23.15
2024-01-28 10:39:50,788 [1] ERROR StepperWF.MacroRunner - Position= 128000 Force = 22.84
2024-01-28 10:39:51,219 [1] ERROR StepperWF.MacroRunner - Position= 130000 Force = 23.65
2024-01-28 10:39:51,651 [1] ERROR StepperWF.MacroRunner - Position= 132000 Force = 23.74
2024-01-28 10:39:52,089 [1] ERROR StepperWF.MacroRunner - Position= 134000 Force = 24.32
2024-01-28 10:39:52,544 [1] ERROR StepperWF.MacroRunner - Position= 136000 Force = 42.62
2024-01-28 10:39:52,975 [1] ERROR StepperWF.MacroRunner - Position= 138000 Force = 84.09
2024-01-28 10:39:53,412 [1] ERROR StepperWF.MacroRunner - Position= 140000 Force = 105.85
2024-01-28 10:39:54,931 [1] ERROR StepperWF.MacroRunner - Position= 160000 Force = 107.68
2024-01-28 10:39:56,459 [1] ERROR StepperWF.MacroRunner - Position= 180000 Force = 107.13
2024-01-28 10:39:57,978 [1] ERROR StepperWF.MacroRunner - Position= 200000 Force = 107.36
2024-01-28 10:43:00,700 [1] INFO StepperWF.Program - StepperDiag  is starting...
2024-01-28 10:43:17,991 [1] ERROR StepperWF.MacroRunner - Starting stamp test
2024-01-28 10:43:19,525 [1] ERROR StepperWF.MacroRunner - Position= 20000 Force = 4.09
2024-01-28 10:43:21,041 [1] ERROR StepperWF.MacroRunner - Position= 40000 Force = 5.5
2024-01-28 10:43:22,561 [1] ERROR StepperWF.MacroRunner - Position= 60000 Force = 11.96
2024-01-28 10:43:24,082 [1] ERROR StepperWF.MacroRunner - Position= 80000 Force = 14.87
2024-01-28 10:43:25,605 [1] ERROR StepperWF.MacroRunner - Position= 100000 Force = 18.66
2024-01-28 10:43:26,034 [1] ERROR StepperWF.MacroRunner - Position= 102000 Force = 19.22
2024-01-28 10:43:26,467 [1] ERROR StepperWF.MacroRunner - Position= 104000 Force = 19.08
2024-01-28 10:43:26,901 [1] ERROR StepperWF.MacroRunner - Position= 106000 Force = 19.19
2024-01-28 10:43:27,334 [1] ERROR StepperWF.MacroRunner - Position= 108000 Force = 19.64
2024-01-28 10:43:27,767 [1] ERROR StepperWF.MacroRunner - Position= 110000 Force = 19.46
2024-01-28 10:43:28,211 [1] ERROR StepperWF.MacroRunner - Position= 112000 Force = 19.91
2024-01-28 10:43:28,651 [1] ERROR StepperWF.MacroRunner - Position= 114000 Force = 20.14
2024-01-28 10:43:29,087 [1] ERROR StepperWF.MacroRunner - Position= 116000 Force = 20.62
2024-01-28 10:43:29,522 [1] ERROR StepperWF.MacroRunner - Position= 118000 Force = 21.19
2024-01-28 10:43:29,955 [1] ERROR StepperWF.MacroRunner - Position= 120000 Force = 21.37
2024-01-28 10:43:30,394 [1] ERROR StepperWF.MacroRunner - Position= 122000 Force = 21.81
2024-01-28 10:43:30,822 [1] ERROR StepperWF.MacroRunner - Position= 124000 Force = 21.97
2024-01-28 10:43:31,252 [1] ERROR StepperWF.MacroRunner - Position= 126000 Force = 22.78
2024-01-28 10:43:31,681 [1] ERROR StepperWF.MacroRunner - Position= 128000 Force = 23.06
2024-01-28 10:43:32,111 [1] ERROR StepperWF.MacroRunner - Position= 130000 Force = 23.22
2024-01-28 10:43:32,545 [1] ERROR StepperWF.MacroRunner - Position= 132000 Force = 23.86
2024-01-28 10:43:32,985 [1] ERROR StepperWF.MacroRunner - Position= 134000 Force = 24.06
2024-01-28 10:43:33,415 [1] ERROR StepperWF.MacroRunner - Position= 136000 Force = 42.21
2024-01-28 10:43:33,845 [1] ERROR StepperWF.MacroRunner - Position= 138000 Force = 83.51
2024-01-28 10:43:34,277 [1] ERROR StepperWF.MacroRunner - Position= 140000 Force = 105.67
2024-01-28 10:43:35,797 [1] ERROR StepperWF.MacroRunner - Position= 160000 Force = 107.67
2024-01-28 10:43:37,318 [1] ERROR StepperWF.MacroRunner - Position= 180000 Force = 107.01
2024-01-28 10:43:38,839 [1] ERROR StepperWF.MacroRunner - Position= 200000 Force = 107.37
2024-01-28 10:45:36,762 [1] INFO StepperWF.Program - StepperDiag  is starting...
2024-01-28 10:45:54,538 [1] ERROR StepperWF.MacroRunner - Starting stamp test
2024-01-28 10:45:56,060 [1] ERROR StepperWF.MacroRunner - Position= 20000 Force = 3.31
2024-01-28 10:45:57,575 [1] ERROR StepperWF.MacroRunner - Position= 40000 Force = 4.63
2024-01-28 10:45:59,092 [1] ERROR StepperWF.MacroRunner - Position= 60000 Force = 11.56
2024-01-28 10:46:00,607 [1] ERROR StepperWF.MacroRunner - Position= 80000 Force = 15.52
2024-01-28 10:46:02,131 [1] ERROR StepperWF.MacroRunner - Position= 100000 Force = 18.48
2024-01-28 10:46:02,575 [1] ERROR StepperWF.MacroRunner - Position= 102000 Force = 18.49
2024-01-28 10:46:03,006 [1] ERROR StepperWF.MacroRunner - Position= 104000 Force = 19.23
2024-01-28 10:46:03,447 [1] ERROR StepperWF.MacroRunner - Position= 106000 Force = 18.56
2024-01-28 10:46:03,878 [1] ERROR StepperWF.MacroRunner - Position= 108000 Force = 19.05
2024-01-28 10:46:04,322 [1] ERROR StepperWF.MacroRunner - Position= 110000 Force = 19.16
2024-01-28 10:46:04,754 [1] ERROR StepperWF.MacroRunner - Position= 112000 Force = 19.47
2024-01-28 10:46:05,185 [1] ERROR StepperWF.MacroRunner - Position= 114000 Force = 19.88
2024-01-28 10:46:05,617 [1] ERROR StepperWF.MacroRunner - Position= 116000 Force = 20.22
2024-01-28 10:46:06,048 [1] ERROR StepperWF.MacroRunner - Position= 118000 Force = 21
2024-01-28 10:46:06,501 [1] ERROR StepperWF.MacroRunner - Position= 120000 Force = 20.94
2024-01-28 10:46:06,934 [1] ERROR StepperWF.MacroRunner - Position= 122000 Force = 21.44
2024-01-28 10:46:07,363 [1] ERROR StepperWF.MacroRunner - Position= 124000 Force = 21.61
2024-01-28 10:46:07,795 [1] ERROR StepperWF.MacroRunner - Position= 126000 Force = 22.98
2024-01-28 10:46:08,234 [1] ERROR StepperWF.MacroRunner - Position= 128000 Force = 22.82
2024-01-28 10:46:08,679 [1] ERROR StepperWF.MacroRunner - Position= 130000 Force = 23.36
2024-01-28 10:46:09,113 [1] ERROR StepperWF.MacroRunner - Position= 132000 Force = 23.73
2024-01-28 10:46:09,547 [1] ERROR StepperWF.MacroRunner - Position= 134000 Force = 23.77
2024-01-28 10:46:09,980 [1] ERROR StepperWF.MacroRunner - Position= 136000 Force = 43.14
2024-01-28 10:46:10,422 [1] ERROR StepperWF.MacroRunner - Position= 138000 Force = 84.13
2024-01-28 10:46:10,854 [1] ERROR StepperWF.MacroRunner - Position= 140000 Force = 106.2
2024-01-28 10:46:12,376 [1] ERROR StepperWF.MacroRunner - Position= 160000 Force = 108.13
2024-01-28 10:46:13,896 [1] ERROR StepperWF.MacroRunner - Position= 180000 Force = 107.34
2024-01-28 10:46:15,414 [1] ERROR StepperWF.MacroRunner - Position= 200000 Force = 107.7
2024-01-28 10:48:46,930 [1] INFO StepperWF.Program - StepperDiag  is starting...
2024-01-28 10:49:03,900 [1] ERROR StepperWF.MacroRunner - Starting stamp test
2024-01-28 10:49:05,435 [1] ERROR StepperWF.MacroRunner - Position= 20000 Force = 3.22
2024-01-28 10:49:06,950 [1] ERROR StepperWF.MacroRunner - Position= 40000 Force = 4.51
2024-01-28 10:49:08,487 [1] ERROR StepperWF.MacroRunner - Position= 60000 Force = 12.1
2024-01-28 10:49:10,004 [1] ERROR StepperWF.MacroRunner - Position= 80000 Force = 15.36
2024-01-28 10:49:11,518 [1] ERROR StepperWF.MacroRunner - Position= 100000 Force = 18.64
2024-01-28 10:49:11,951 [1] ERROR StepperWF.MacroRunner - Position= 102000 Force = 18.98
2024-01-28 10:49:12,384 [1] ERROR StepperWF.MacroRunner - Position= 104000 Force = 18.95
2024-01-28 10:49:12,819 [1] ERROR StepperWF.MacroRunner - Position= 106000 Force = 19.07
2024-01-28 10:49:13,254 [1] ERROR StepperWF.MacroRunner - Position= 108000 Force = 19.1
2024-01-28 10:49:13,686 [1] ERROR StepperWF.MacroRunner - Position= 110000 Force = 19.31
2024-01-28 10:49:14,117 [1] ERROR StepperWF.MacroRunner - Position= 112000 Force = 19.83
2024-01-28 10:49:14,553 [1] ERROR StepperWF.MacroRunner - Position= 114000 Force = 20.33
2024-01-28 10:49:14,994 [1] ERROR StepperWF.MacroRunner - Position= 116000 Force = 20.75
2024-01-28 10:49:15,439 [1] ERROR StepperWF.MacroRunner - Position= 118000 Force = 20.94
2024-01-28 10:49:15,871 [1] ERROR StepperWF.MacroRunner - Position= 120000 Force = 21.36
2024-01-28 10:49:16,309 [1] ERROR StepperWF.MacroRunner - Position= 122000 Force = 21.79
2024-01-28 10:49:16,739 [1] ERROR StepperWF.MacroRunner - Position= 124000 Force = 22.19
2024-01-28 10:49:17,173 [1] ERROR StepperWF.MacroRunner - Position= 126000 Force = 22.36
2024-01-28 10:49:17,599 [1] ERROR StepperWF.MacroRunner - Position= 128000 Force = 22.94
2024-01-28 10:49:18,023 [1] ERROR StepperWF.MacroRunner - Position= 130000 Force = 23.54
2024-01-28 10:49:18,449 [1] ERROR StepperWF.MacroRunner - Position= 132000 Force = 23.86
2024-01-28 10:49:18,884 [1] ERROR StepperWF.MacroRunner - Position= 134000 Force = 24.59
2024-01-28 10:49:19,315 [1] ERROR StepperWF.MacroRunner - Position= 136000 Force = 43.33
2024-01-28 10:49:19,747 [1] ERROR StepperWF.MacroRunner - Position= 138000 Force = 84.14
2024-01-28 10:49:20,181 [1] ERROR StepperWF.MacroRunner - Position= 140000 Force = 106.95
2024-01-28 10:49:21,701 [1] ERROR StepperWF.MacroRunner - Position= 160000 Force = 108.53
2024-01-28 10:49:23,222 [1] ERROR StepperWF.MacroRunner - Position= 180000 Force = 107.66
2024-01-28 10:49:24,742 [1] ERROR StepperWF.MacroRunner - Position= 200000 Force = 107.97
2024-01-29 08:22:22,759 [1] INFO StepperWF.Program - StepperDiag  is starting...
2024-01-29 08:25:07,585 [1] INFO StepperWF.Program - StepperDiag  is starting...
2024-01-29 08:25:28,618 [1] ERROR StepperWF.MacroRunner - Starting stamp test
2024-01-29 08:25:30,131 [1] ERROR StepperWF.MacroRunner - Position= 20000 Force = 14.99
2024-01-29 08:25:31,645 [1] ERROR StepperWF.MacroRunner - Position= 40000 Force = 16.7
2024-01-29 08:25:33,164 [1] ERROR StepperWF.MacroRunner - Position= 60000 Force = 20.16
2024-01-29 08:25:34,674 [1] ERROR StepperWF.MacroRunner - Position= 80000 Force = 22.1
2024-01-29 08:25:36,190 [1] ERROR StepperWF.MacroRunner - Position= 100000 Force = 24.1
2024-01-29 08:25:36,624 [1] ERROR StepperWF.MacroRunner - Position= 102000 Force = 24.35
2024-01-29 08:25:37,058 [1] ERROR StepperWF.MacroRunner - Position= 104000 Force = 24.5
2024-01-29 08:25:37,500 [1] ERROR StepperWF.MacroRunner - Position= 106000 Force = 24.46
2024-01-29 08:25:37,930 [1] ERROR StepperWF.MacroRunner - Position= 108000 Force = 24.59
2024-01-29 08:25:38,373 [1] ERROR StepperWF.MacroRunner - Position= 110000 Force = 24.78
2024-01-29 08:25:38,807 [1] ERROR StepperWF.MacroRunner - Position= 112000 Force = 25.05
2024-01-29 08:25:39,239 [1] ERROR StepperWF.MacroRunner - Position= 114000 Force = 25.24
2024-01-29 08:25:39,672 [1] ERROR StepperWF.MacroRunner - Position= 116000 Force = 25.81
2024-01-29 08:25:40,103 [1] ERROR StepperWF.MacroRunner - Position= 118000 Force = 25.95
2024-01-29 08:25:40,537 [1] ERROR StepperWF.MacroRunner - Position= 120000 Force = 25.6
2024-01-29 08:25:40,971 [1] ERROR StepperWF.MacroRunner - Position= 122000 Force = 26.3
2024-01-29 08:25:41,413 [1] ERROR StepperWF.MacroRunner - Position= 124000 Force = 26.7
2024-01-29 08:25:41,834 [1] ERROR StepperWF.MacroRunner - Position= 126000 Force = 27.01
2024-01-29 08:25:42,281 [1] ERROR StepperWF.MacroRunner - Position= 128000 Force = 27.21
2024-01-29 08:25:42,711 [1] ERROR StepperWF.MacroRunner - Position= 130000 Force = 27.4
2024-01-29 08:25:43,130 [1] ERROR StepperWF.MacroRunner - Position= 132000 Force = 27.97
2024-01-29 08:25:43,566 [1] ERROR StepperWF.MacroRunner - Position= 134000 Force = 28.7
2024-01-29 08:25:44,025 [1] ERROR StepperWF.MacroRunner - Position= 136000 Force = 63.75
2024-01-29 08:25:44,459 [1] ERROR StepperWF.MacroRunner - Position= 138000 Force = 92.4
2024-01-29 08:25:44,888 [1] ERROR StepperWF.MacroRunner - Position= 140000 Force = 107.81
2024-01-29 08:25:46,413 [1] ERROR StepperWF.MacroRunner - Position= 160000 Force = 107.25
2024-01-29 08:25:47,930 [1] ERROR StepperWF.MacroRunner - Position= 180000 Force = 106.85
2024-01-29 08:25:49,445 [1] ERROR StepperWF.MacroRunner - Position= 200000 Force = 105.93
2024-01-29 08:35:04,577 [1] INFO StepperWF.Program - StepperDiag  is starting...
2024-01-29 08:36:43,216 [1] INFO StepperWF.Program - StepperDiag  is starting...
